{"time": "2026-04-13T12:50:06Z", "type": "cpu_spike", "data": {"type": "cpu_spike", "pid": 7005, "name": "wf-recorder", "cpu": 79.60501589796726}}
{"time": "2026-04-13T12:50:06Z", "type": "FILE_SPIKE", "data": {"count": 410}}
{"time": "2026-04-13T12:50:09Z", "type": "process_burst", "data": {"type": "process_burst", "parent": 7166, "new_children": [7172, 7173, 7174, 7175, 7176, 7177, 7178, 7179, 7180, 7181, 7182, 7183, 7184, 7185, 7186], "count": 15}}
{"time": "2026-04-13T12:50:09Z", "type": "process_burst", "data": {"type": "process_burst", "parent": 7166, "new_children": [7172, 7173, 7174, 7175, 7176, 7177, 7178, 7179, 7180, 7181, 7182, 7183, 7184, 7185, 7186], "count": 15}}
{"time": "2026-04-13T12:50:09Z", "type": "THREAT", "data": {"parent": 7166, "score": 9, "signals": {"burst": true, "cpu": true, "file": true}, "category": "MULTI_VECTOR_BEHAVIOR", "severity": "HIGH", "context": {"exe": "/usr/bin/python3.14", "cmdline": ["python3", "tests/test_malware_v2.py", "validate-all"], "cwd": "/home/h1t0sm3/sentinalX"}, "children": {"summary": [{"name": "python3", "count": 15, "cpu_total": 0.0}]}, "file_activity": {"directory": "test_dir/", "operations": "write", "pattern": "sequential"}, "explanation": {"process": "python3.14 (test_malware_v2.py)", "behavior": ["Spawned 15 python3 child processes, with one consuming high CPU", "Performed rapid sequential file writes in test_dir/"], "reasoning": "Concurrent process spawning, sustained CPU usage, and file operations indicate automated execution behavior.", "conclusion": "MULTI_VECTOR_BEHAVIOR (HIGH)", "confidence": 0.92}}}
{"timestamp": "2026-04-13T12:50:10Z", "type": "ACTION", "data": {"action": "TERMINATE", "target": 7166, "severity": "HIGH", "category": "MULTI_VECTOR_BEHAVIOR", "reason": "Severity HIGH maps to TERMINATE", "status": "success"}}
{"time": "2026-04-13T12:50:10Z", "type": "cpu_spike", "data": {"type": "cpu_spike", "pid": 7005, "name": "wf-recorder", "cpu": 107.82239608000862}}
{"time": "2026-04-13T12:50:12Z", "type": "FILE_SPIKE", "data": {"count": 50}}
{"time": "2026-04-13T12:50:19Z", "type": "cpu_spike", "data": {"type": "cpu_spike", "pid": 7005, "name": "wf-recorder", "cpu": 71.52349362711267}}
{"time": "2026-04-13T12:50:29Z", "type": "cpu_spike", "data": {"type": "cpu_spike", "pid": 4651, "name": "Isolated Web Co", "cpu": 101.4871306842357}}
{"time": "2026-04-13T12:50:29Z", "type": "THREAT", "data": {"parent": 4651, "score": 7, "signals": {"burst": false, "cpu": true, "file": true}, "category": "CPU_INTENSIVE_PROCESS", "severity": "MEDIUM", "context": {"exe": "/usr/lib/firefox/firefox", "cmdline": ["/usr/lib/firefox/firefox", "-contentproc", "-isForBrowser", "-prefsHandle", "0:45995", "-prefMapHandle", "1:285641", "-jsInitHandle", "2:156136", "-parentBuildID", "20260407015058", "-sandboxReporter", "3", "-chrootClient", "4", "-ipcHandle", "5", "-initialChannelId", "{4b1f6052-7b6c-4ee9-83db-3580ac44b366}", "-parentPid", "2675", "-crashReporter", "6", "-crashHelper", "7", "-greomni", "/usr/lib/firefox/omni.ja", "-appomni", "/usr/lib/firefox/browser/omni.ja", "-appDir", "/usr/lib/firefox/browser", "13", "tab"], "cwd": "/proc/4652/fdinfo"}, "children": {"summary": []}, "explanation": {"process": "firefox (0:45995)", "behavior": ["Sustained high CPU usage detected"], "reasoning": "Sustained CPU usage with file activity suggests intensive file processing.", "conclusion": "CPU_INTENSIVE_PROCESS (MEDIUM)", "confidence": 0.78}}}
{"timestamp": "2026-04-13T12:50:29Z", "type": "ACTION", "data": {"action": "THROTTLE", "target": 4651, "severity": "MEDIUM", "category": "CPU_INTENSIVE_PROCESS", "reason": "Severity MEDIUM maps to THROTTLE", "status": "success"}}
{"time": "2026-04-13T12:50:32Z", "type": "cpu_spike", "data": {"type": "cpu_spike", "pid": 2675, "name": "firefox", "cpu": 84.76022382203368}}
{"time": "2026-04-13T12:51:08Z", "type": "cpu_spike", "data": {"type": "cpu_spike", "pid": 3666, "name": "Isolated Web Co", "cpu": 99.8055345722573}}
{"time": "2026-04-13T12:51:08Z", "type": "THREAT", "data": {"parent": 3666, "score": 7, "signals": {"burst": false, "cpu": true, "file": true}, "category": "CPU_INTENSIVE_PROCESS", "severity": "MEDIUM", "context": {"exe": "/usr/lib/firefox/firefox", "cmdline": ["/usr/lib/firefox/firefox", "-contentproc", "-isForBrowser", "-prefsHandle", "0:45836", "-prefMapHandle", "1:285641", "-jsInitHandle", "2:156136", "-parentBuildID", "20260407015058", "-sandboxReporter", "3", "-chrootClient", "4", "-ipcHandle", "5", "-initialChannelId", "{99dbc24b-8e6c-45f7-90b9-f50d3e98eaaf}", "-parentPid", "2675", "-crashReporter", "6", "-crashHelper", "7", "-greomni", "/usr/lib/firefox/omni.ja", "-appomni", "/usr/lib/firefox/browser/omni.ja", "-appDir", "/usr/lib/firefox/browser", "11", "tab"], "cwd": "/proc/3668/fdinfo"}, "children": {"summary": []}, "explanation": {"process": "firefox (0:45836)", "behavior": ["Sustained high CPU usage detected"], "reasoning": "Sustained CPU usage with file activity suggests intensive file processing.", "conclusion": "CPU_INTENSIVE_PROCESS (MEDIUM)", "confidence": 0.78}}}
{"timestamp": "2026-04-13T12:51:08Z", "type": "ACTION", "data": {"action": "THROTTLE", "target": 3666, "severity": "MEDIUM", "category": "CPU_INTENSIVE_PROCESS", "reason": "Severity MEDIUM maps to THROTTLE", "status": "success"}}
{"time": "2026-04-13T12:51:19Z", "type": "cpu_spike", "data": {"type": "cpu_spike", "pid": 6451, "name": "Isolated Web Co", "cpu": 86.74781975931292}}
{"time": "2026-04-13T12:51:19Z", "type": "THREAT", "data": {"parent": 6451, "score": 7, "signals": {"burst": false, "cpu": true, "file": true}, "category": "CPU_INTENSIVE_PROCESS", "severity": "MEDIUM", "context": {"exe": "/usr/lib/firefox/firefox", "cmdline": ["/usr/lib/firefox/firefox", "-contentproc", "-isForBrowser", "-prefsHandle", "0:45995", "-prefMapHandle", "1:285641", "-jsInitHandle", "2:156136", "-parentBuildID", "20260407015058", "-sandboxReporter", "3", "-chrootClient", "4", "-ipcHandle", "5", "-initialChannelId", "{99365e43-5224-4ec9-99e9-daa1d793fc90}", "-parentPid", "2675", "-crashReporter", "6", "-crashHelper", "7", "-greomni", "/usr/lib/firefox/omni.ja", "-appomni", "/usr/lib/firefox/browser/omni.ja", "-appDir", "/usr/lib/firefox/browser", "15", "tab"], "cwd": "/proc/6453/fdinfo"}, "children": {"summary": []}, "explanation": {"process": "firefox (0:45995)", "behavior": ["Sustained high CPU usage detected"], "reasoning": "Sustained CPU usage with file activity suggests intensive file processing.", "conclusion": "CPU_INTENSIVE_PROCESS (MEDIUM)", "confidence": 0.78}}}
{"timestamp": "2026-04-13T12:51:19Z", "type": "ACTION", "data": {"action": "THROTTLE", "target": 6451, "severity": "MEDIUM", "category": "CPU_INTENSIVE_PROCESS", "reason": "Severity MEDIUM maps to THROTTLE", "status": "success"}}
{"time": "2026-04-13T12:51:29Z", "type": "cpu_spike", "data": {"type": "cpu_spike", "pid": 6451, "name": "Isolated Web Co", "cpu": 106.95357002593124}}
{"time": "2026-04-13T12:51:29Z", "type": "THREAT", "data": {"parent": 6451, "score": 7, "signals": {"burst": false, "cpu": true, "file": true}, "category": "CPU_INTENSIVE_PROCESS", "severity": "MEDIUM", "context": {"exe": "/usr/lib/firefox/firefox", "cmdline": ["/usr/lib/firefox/firefox", "-contentproc", "-isForBrowser", "-prefsHandle", "0:45995", "-prefMapHandle", "1:285641", "-jsInitHandle", "2:156136", "-parentBuildID", "20260407015058", "-sandboxReporter", "3", "-chrootClient", "4", "-ipcHandle", "5", "-initialChannelId", "{99365e43-5224-4ec9-99e9-daa1d793fc90}", "-parentPid", "2675", "-crashReporter", "6", "-crashHelper", "7", "-greomni", "/usr/lib/firefox/omni.ja", "-appomni", "/usr/lib/firefox/browser/omni.ja", "-appDir", "/usr/lib/firefox/browser", "15", "tab"], "cwd": "/proc/6453/fdinfo"}, "children": {"summary": []}, "explanation": {"process": "firefox (0:45995)", "behavior": ["Sustained high CPU usage detected"], "reasoning": "Sustained CPU usage with file activity suggests intensive file processing.", "conclusion": "CPU_INTENSIVE_PROCESS (MEDIUM)", "confidence": 0.78}}}
{"timestamp": "2026-04-13T12:51:29Z", "type": "ACTION", "data": {"action": "THROTTLE", "target": 6451, "severity": "MEDIUM", "category": "CPU_INTENSIVE_PROCESS", "reason": "Severity MEDIUM maps to THROTTLE", "status": "success"}}
{"time": "2026-04-13T12:52:14Z", "type": "cpu_spike", "data": {"type": "cpu_spike", "pid": 2675, "name": "firefox", "cpu": 70.22950570133939}}
{"time": "2026-04-13T12:52:14Z", "type": "cpu_spike", "data": {"type": "cpu_spike", "pid": 6451, "name": "Isolated Web Co", "cpu": 69.31743419872382}}
{"time": "2026-04-13T12:52:54Z", "type": "cpu_spike", "data": {"type": "cpu_spike", "pid": 2675, "name": "firefox", "cpu": 109.15400539370708}}
{"time": "2026-04-13T12:53:01Z", "type": "cpu_spike", "data": {"type": "cpu_spike", "pid": 6451, "name": "Isolated Web Co", "cpu": 87.92148262523595}}
{"time": "2026-04-13T12:53:12Z", "type": "process_burst", "data": {"type": "process_burst", "parent": 911, "new_children": [8434, 8435, 8436, 8437, 8438], "count": 5}}
{"time": "2026-04-13T12:53:30Z", "type": "cpu_spike", "data": {"type": "cpu_spike", "pid": 2675, "name": "firefox", "cpu": 61.68094117647205}}
{"time": "2026-04-13T12:53:30Z", "type": "cpu_spike", "data": {"type": "cpu_spike", "pid": 6451, "name": "Isolated Web Co", "cpu": 64.44277436347569}}
{"time": "2026-04-13T12:54:06Z", "type": "cpu_spike", "data": {"type": "cpu_spike", "pid": 3666, "name": "Isolated Web Co", "cpu": 86.50492654175382}}
{"time": "2026-04-13T12:55:04Z", "type": "cpu_spike", "data": {"type": "cpu_spike", "pid": 4651, "name": "Isolated Web Co", "cpu": 74.67500680893637}}
{"time": "2026-04-13T12:55:30Z", "type": "cpu_spike", "data": {"type": "cpu_spike", "pid": 2675, "name": "firefox", "cpu": 75.10309943988207}}
{"time": "2026-04-13T12:55:31Z", "type": "cpu_spike", "data": {"type": "cpu_spike", "pid": 6451, "name": "Isolated Web Co", "cpu": 78.07628874052563}}
{"time": "2026-04-13T12:55:42Z", "type": "cpu_spike", "data": {"type": "cpu_spike", "pid": 6451, "name": "Isolated Web Co", "cpu": 96.12746656036731}}
{"time": "2026-04-13T12:55:53Z", "type": "cpu_spike", "data": {"type": "cpu_spike", "pid": 2675, "name": "firefox", "cpu": 86.96766289062506}}
{"time": "2026-04-13T12:56:06Z", "type": "process_burst", "data": {"type": "process_burst", "parent": 911, "new_children": [9396, 9397, 9398, 9399, 9400], "count": 5}}
{"time": "2026-04-13T12:56:36Z", "type": "cpu_spike", "data": {"type": "cpu_spike", "pid": 3666, "name": "Isolated Web Co", "cpu": 92.20825707346036}}
{"time": "2026-04-13T12:57:42Z", "type": "cpu_spike", "data": {"type": "cpu_spike", "pid": 6451, "name": "Isolated Web Co", "cpu": 60.8102539075139}}
{"time": "2026-04-13T12:57:48Z", "type": "cpu_spike", "data": {"type": "cpu_spike", "pid": 2675, "name": "firefox", "cpu": 59.92828295196002}}
{"time": "2026-04-13T12:58:44Z", "type": "cpu_spike", "data": {"type": "cpu_spike", "pid": 2675, "name": "firefox", "cpu": 104.43997751097787}}
{"time": "2026-04-13T12:58:46Z", "type": "cpu_spike", "data": {"type": "cpu_spike", "pid": 6451, "name": "Isolated Web Co", "cpu": 105.73482768714474}}
{"time": "2026-04-13T12:59:31Z", "type": "cpu_spike", "data": {"type": "cpu_spike", "pid": 6451, "name": "Isolated Web Co", "cpu": 100.26983715898943}}
{"time": "2026-04-13T12:59:38Z", "type": "cpu_spike", "data": {"type": "cpu_spike", "pid": 2675, "name": "firefox", "cpu": 72.11972083479561}}
{"time": "2026-04-13T12:59:46Z", "type": "cpu_spike", "data": {"type": "cpu_spike", "pid": 6451, "name": "Isolated Web Co", "cpu": 100.05921675643823}}
{"time": "2026-04-13T12:59:47Z", "type": "process_burst", "data": {"type": "process_burst", "parent": 911, "new_children": [10220, 10221, 10222, 10223, 10224], "count": 5}}
{"time": "2026-04-13T13:00:10Z", "type": "cpu_spike", "data": {"type": "cpu_spike", "pid": 2675, "name": "firefox", "cpu": 75.84049949294092}}
{"time": "2026-04-13T13:00:17Z", "type": "process_burst", "data": {"type": "process_burst", "parent": 911, "new_children": [10404, 10405, 10406, 10407], "count": 4}}
{"time": "2026-04-13T13:00:24Z", "type": "cpu_spike", "data": {"type": "cpu_spike", "pid": 2675, "name": "firefox", "cpu": 85.30015255066583}}
{"time": "2026-04-13T13:01:05Z", "type": "cpu_spike", "data": {"type": "cpu_spike", "pid": 2675, "name": "firefox", "cpu": 72.13141512464276}}
{"time": "2026-04-13T13:01:09Z", "type": "cpu_spike", "data": {"type": "cpu_spike", "pid": 6451, "name": "Isolated Web Co", "cpu": 113.76658448361184}}
{"time": "2026-04-13T13:01:26Z", "type": "cpu_spike", "data": {"type": "cpu_spike", "pid": 2675, "name": "firefox", "cpu": 63.71803128171788}}
{"time": "2026-04-13T13:01:41Z", "type": "process_burst", "data": {"type": "process_burst", "parent": 911, "new_children": [11016, 11017, 11018, 11019, 11020], "count": 5}}
{"time": "2026-04-13T13:01:45Z", "type": "process_burst", "data": {"type": "process_burst", "parent": 3262, "new_children": [11088, 11089], "count": 2}}
